<?xml version="1.0" encoding="UTF-8"?>
<testng-results skipped="0" failed="0" ignored="0" total="1" passed="1">
  <reporter-output>
  </reporter-output>
  <suite name="Suite1" duration-ms="45684" started-at="2021-10-18T06:00:20Z" finished-at="2021-10-18T06:01:06Z">
    <groups>
      <group name="cucumber">
        <method signature="AbstractTestNGCucumberTests.feature(cucumber.api.testng.CucumberFeatureWrapper)[pri:0, instance:com.amazon.runner.Runner@3023df74]" name="feature" class="cucumber.api.testng.AbstractTestNGCucumberTests"/>
      </group> <!-- cucumber -->
    </groups>
    <test name="Nopackage" duration-ms="45684" started-at="2021-10-18T06:00:20Z" finished-at="2021-10-18T06:01:06Z">
      <class name="com.amazon.runner.Runner">
        <test-method status="PASS" signature="setUpClass()[pri:0, instance:com.amazon.runner.Runner@3023df74]" name="setUpClass" is-config="true" duration-ms="223" started-at="2021-10-18T06:00:20Z" finished-at="2021-10-18T06:00:20Z">
          <reporter-output>
          </reporter-output>
        </test-method> <!-- setUpClass -->
        <test-method status="PASS" signature="feature(cucumber.api.testng.CucumberFeatureWrapper)[pri:0, instance:com.amazon.runner.Runner@3023df74]" name="feature" duration-ms="45304" started-at="2021-10-18T06:00:21Z" description="Runs Cucumber Feature" data-provider="features" finished-at="2021-10-18T06:01:06Z">
          <params>
            <param index="0">
              <value>
                <![CDATA[User can search the properties, select the property, buy the property,]]>
              </value>
            </param>
          </params>
          <reporter-output>
          </reporter-output>
        </test-method> <!-- feature -->
        <test-method status="PASS" signature="tearDownClass()[pri:0, instance:com.amazon.runner.Runner@3023df74]" name="tearDownClass" is-config="true" duration-ms="21" started-at="2021-10-18T06:01:06Z" finished-at="2021-10-18T06:01:06Z">
          <reporter-output>
          </reporter-output>
        </test-method> <!-- tearDownClass -->
      </class> <!-- com.amazon.runner.Runner -->
    </test> <!-- Nopackage -->
  </suite> <!-- Suite1 -->
</testng-results>
