<?xml version="1.0" encoding="UTF-8"?>
<testsuite xmlns:xsi="http://www.w3.org/2001/XMLSchema-instance" xsi:noNamespaceSchemaLocation="https://maven.apache.org/surefire/maven-surefire-plugin/xsd/surefire-test-report-3.0.xsd" version="3.0" name="TestSuite" time="46.645" tests="1" errors="0" skipped="0" failures="1">
  <properties>
[...]
</properties>
  <testcase name="feature" classname="com.amazon.runner.Runner" time="44.952">
    <failure message="org.openqa.selenium.ElementNotInteractableException: element not interactable: [object HTMLParagraphElement] has no size and location&#10;  (Session info: chrome=94.0.4606.81)&#10;Build info: version: &apos;3.141.59&apos;, revision: &apos;e82be7d358&apos;, time: &apos;2018-11-14T08:17:03&apos;&#10;System info: host: &apos;Rifats-MBP-2&apos;, ip: &apos;fe80:0:0:0:fe:c986:685:359e%en0&apos;, os.name: &apos;Mac OS X&apos;, os.arch: &apos;x86_64&apos;, os.version: &apos;10.16&apos;, java.version: &apos;1.8.0_301&apos;&#10;Driver info: org.openqa.selenium.chrome.ChromeDriver&#10;Capabilities {acceptInsecureCerts: false, browserName: chrome, browserVersion: 94.0.4606.81, chrome: {chromedriverVersion: 94.0.4606.61 (418b78f5838ed..., userDataDir: /var/folders/08/vrkmw5zs22z...}, goog:chromeOptions: {debuggerAddress: localhost:54939}, javascriptEnabled: true, networkConnectionEnabled: false, pageLoadStrategy: normal, platform: MAC, platformName: MAC, proxy: Proxy(), setWindowRect: true, strictFileInteractability: false, timeouts: {implicit: 0, pageLoad: 300000, script: 30000}, unhandledPromptBehavior: dismiss and notify, webauthn:extension:credBlob: true, webauthn:extension:largeBlob: true, webauthn:virtualAuthenticators: true}&#10;Session ID: 2bb0011c1b409b17a8291f6dc2236945" type="cucumber.runtime.CucumberException">cucumber.runtime.CucumberException: 
org.openqa.selenium.ElementNotInteractableException: element not interactable: [object HTMLParagraphElement] has no size and location
  (Session info: chrome=94.0.4606.81)
Build info: version: '3.141.59', revision: 'e82be7d358', time: '2018-11-14T08:17:03'
System info: host: 'Rifats-MBP-2', ip: 'fe80:0:0:0:fe:c986:685:359e%en0', os.name: 'Mac OS X', os.arch: 'x86_64', os.version: '10.16', java.version: '1.8.0_301'
Driver info: org.openqa.selenium.chrome.ChromeDriver
Capabilities {acceptInsecureCerts: false, browserName: chrome, browserVersion: 94.0.4606.81, chrome: {chromedriverVersion: 94.0.4606.61 (418b78f5838ed..., userDataDir: /var/folders/08/vrkmw5zs22z...}, goog:chromeOptions: {debuggerAddress: localhost:54939}, javascriptEnabled: true, networkConnectionEnabled: false, pageLoadStrategy: normal, platform: MAC, platformName: MAC, proxy: Proxy(), setWindowRect: true, strictFileInteractability: false, timeouts: {implicit: 0, pageLoad: 300000, script: 30000}, unhandledPromptBehavior: dismiss and notify, webauthn:extension:credBlob: true, webauthn:extension:largeBlob: true, webauthn:virtualAuthenticators: true}
Session ID: 2bb0011c1b409b17a8291f6dc2236945
Caused by: org.openqa.selenium.ElementNotInteractableException: 
element not interactable: [object HTMLParagraphElement] has no size and location
  (Session info: chrome=94.0.4606.81)
Build info: version: '3.141.59', revision: 'e82be7d358', time: '2018-11-14T08:17:03'
System info: host: 'Rifats-MBP-2', ip: 'fe80:0:0:0:fe:c986:685:359e%en0', os.name: 'Mac OS X', os.arch: 'x86_64', os.version: '10.16', java.version: '1.8.0_301'
Driver info: org.openqa.selenium.chrome.ChromeDriver
Capabilities {acceptInsecureCerts: false, browserName: chrome, browserVersion: 94.0.4606.81, chrome: {chromedriverVersion: 94.0.4606.61 (418b78f5838ed..., userDataDir: /var/folders/08/vrkmw5zs22z...}, goog:chromeOptions: {debuggerAddress: localhost:54939}, javascriptEnabled: true, networkConnectionEnabled: false, pageLoadStrategy: normal, platform: MAC, platformName: MAC, proxy: Proxy(), setWindowRect: true, strictFileInteractability: false, timeouts: {implicit: 0, pageLoad: 300000, script: 30000}, unhandledPromptBehavior: dismiss and notify, webauthn:extension:credBlob: true, webauthn:extension:largeBlob: true, webauthn:virtualAuthenticators: true}
Session ID: 2bb0011c1b409b17a8291f6dc2236945
</failure>
    <system-out><![CDATA[[TestNGContentHandler] [WARN] It is strongly recommended to add "<!DOCTYPE suite SYSTEM "http://testng.org/testng-1.0.dtd" >" at the top of your file, otherwise TestNG may fail or not work as expected.
Feature: User can search the properties, select the property, buy the property,
  compare the property & verify the price
  
  Description: User login zoopla web site, search the property &
              select the property as well as verify the property price.
 INFO [main] (Hook.java:13)-  
 INFO [main] (Hook.java:14)-  
 INFO [main] (Hook.java:15)- ********* Start Automation *************
 INFO [main] (Hook.java:16)-  
 INFO [main] (Hook.java:17)-  
 INFO [main] (Stepdef.java:27)- Users is able to verify login information successfully
 INFO [main] (Stepdef.java:53)- Users can hover over the page on the For Sale module and click on the UK Property For Sale
 INFO [main] (Stepdef.java:66)- Users is able to enter location in the text box & hit enter button
 INFO [main] (Stepdef.java:76)- Users is able to print all value/price of the properties in the console
 Number of value/price of the properties: 16
£105,000
£295,000
£450,000
£115,995
£14,995
£90,000
£52,995
£33,995
£117,000
£87,000
£90,000
£90,000
£90,000
£90,000
£90,000
£90,000
 INFO [main] (Stepdef.java:86)- click on the third property from the properties list
 INFO [main] (Stepdef.java:96)- Users is able to print out the selected property details
Virtual tours
Floor plans
Fixed price
£450,000
4 bed detached house for sale 
Hawthorn Hill, Dogdyke, Lincoln LN4
4 beds
2 baths
3 receptions
 INFO [main] (Stepdef.java:103)- Users can Verify the price of the selected property
 INFO [main] (Stepdef.java:115)- User is able to logout the application
 INFO [main] (Hook.java:25)- End Automation

  @Sanity
  Scenario:                                                                                           # login.feature:7
    User can login to the application, search the location, select the second or third property from the list & verify the price on the screen.

    Given Users is able to verify login information successfully                                      # Stepdef.users_is_able_to_verify_login_information_successfully()
    When Users can hover over the page on the For Sale module and click on the UK Property For Sale   # Stepdef.users_can_hover_over_the_page_on_the_For_Sale_module_and_click_on_the_UK_Property_For_Sale()
    And Users is able to enter location- "New York, Lincolnshire"- in the text box & hit enter button # Stepdef.users_is_able_to_enter_location_in_the_text_box_hit_enter_button(String)
    And Users is able to print all value/price of the properties in the console                       # Stepdef.users_is_able_to_print_all_value_price_of_the_properties_in_the_console()
    And click on the third property from the properties list                                          # Stepdef.click_on_the_third_property_from_the_properties_list()
    And Users is able to print out the selected property details                                      # Stepdef.users_is_able_to_print_out_the_selected_property_details()
    Then Users can Verify the price of the selected property                                          # Stepdef.users_can_Verify_the_price_of_the_selected_property()
    And User is able to logout the application                                                        # Stepdef.user_is_able_to_logout_the_application()
      org.openqa.selenium.ElementNotInteractableException: element not interactable: [object HTMLParagraphElement] has no size and location
        (Session info: chrome=94.0.4606.81)
      Build info: version: '3.141.59', revision: 'e82be7d358', time: '2018-11-14T08:17:03'
      System info: host: 'Rifats-MBP-2', ip: 'fe80:0:0:0:fe:c986:685:359e%en0', os.name: 'Mac OS X', os.arch: 'x86_64', os.version: '10.16', java.version: '1.8.0_301'
      Driver info: org.openqa.selenium.chrome.ChromeDriver
      Capabilities {acceptInsecureCerts: false, browserName: chrome, browserVersion: 94.0.4606.81, chrome: {chromedriverVersion: 94.0.4606.61 (418b78f5838ed..., userDataDir: /var/folders/08/vrkmw5zs22z...}, goog:chromeOptions: {debuggerAddress: localhost:54939}, javascriptEnabled: true, networkConnectionEnabled: false, pageLoadStrategy: normal, platform: MAC, platformName: MAC, proxy: Proxy(), setWindowRect: true, strictFileInteractability: false, timeouts: {implicit: 0, pageLoad: 300000, script: 30000}, unhandledPromptBehavior: dismiss and notify, webauthn:extension:credBlob: true, webauthn:extension:largeBlob: true, webauthn:virtualAuthenticators: true}
      Session ID: 2bb0011c1b409b17a8291f6dc2236945
      	at sun.reflect.NativeConstructorAccessorImpl.newInstance0(Native Method)
      	at sun.reflect.NativeConstructorAccessorImpl.newInstance(NativeConstructorAccessorImpl.java:62)
      	at sun.reflect.DelegatingConstructorAccessorImpl.newInstance(DelegatingConstructorAccessorImpl.java:45)
      	at java.lang.reflect.Constructor.newInstance(Constructor.java:423)
      	at org.openqa.selenium.remote.http.W3CHttpResponseCodec.createException(W3CHttpResponseCodec.java:187)
      	at org.openqa.selenium.remote.http.W3CHttpResponseCodec.decode(W3CHttpResponseCodec.java:122)
      	at org.openqa.selenium.remote.http.W3CHttpResponseCodec.decode(W3CHttpResponseCodec.java:49)
      	at org.openqa.selenium.remote.HttpCommandExecutor.execute(HttpCommandExecutor.java:158)
      	at org.openqa.selenium.remote.service.DriverCommandExecutor.execute(DriverCommandExecutor.java:83)
      	at org.openqa.selenium.remote.RemoteWebDriver.execute(RemoteWebDriver.java:552)
      	at org.openqa.selenium.remote.RemoteWebDriver.perform(RemoteWebDriver.java:618)
      	at org.openqa.selenium.interactions.Actions$BuiltAction.perform(Actions.java:639)
      	at com.amazon.stepdef.Stepdef.user_is_able_to_logout_the_application(Stepdef.java:119)
      	at ✽.And User is able to logout the application(login.feature:17)

]]></system-out>
    <system-err><![CDATA[Starting ChromeDriver 94.0.4606.61 (418b78f5838ed0b1c69bb4e51ea0252171854915-refs/branch-heads/4606@{#1204}) on port 8302
Only local connections are allowed.
Please see https://chromedriver.chromium.org/security-considerations for suggestions on keeping ChromeDriver safe.
ChromeDriver was started successfully.
Oct 16, 2021 12:40:05 AM org.openqa.selenium.remote.ProtocolHandshake createSession
INFO: Detected dialect: W3C
]]></system-err>
  </testcase>
</testsuite>