<?xml version="1.0" encoding="UTF-8"?>
<testng-results skipped="0" failed="0" ignored="0" total="1" passed="1">
  <reporter-output>
  </reporter-output>
  <suite name="Suite1" duration-ms="44363" started-at="2021-10-17T01:45:59Z" finished-at="2021-10-17T01:46:44Z">
    <groups>
      <group name="cucumber">
        <method signature="AbstractTestNGCucumberTests.feature(cucumber.api.testng.CucumberFeatureWrapper)[pri:0, instance:com.amazon.runner.Runner@757277dc]" name="feature" class="cucumber.api.testng.AbstractTestNGCucumberTests"/>
      </group> <!-- cucumber -->
    </groups>
    <test name="Nopackage" duration-ms="44363" started-at="2021-10-17T01:45:59Z" finished-at="2021-10-17T01:46:44Z">
      <class name="com.amazon.runner.Runner">
        <test-method status="PASS" signature="setUpClass()[pri:0, instance:com.amazon.runner.Runner@757277dc]" name="setUpClass" is-config="true" duration-ms="289" started-at="2021-10-17T01:45:59Z" finished-at="2021-10-17T01:46:00Z">
          <reporter-output>
          </reporter-output>
        </test-method> <!-- setUpClass -->
        <test-method status="PASS" signature="feature(cucumber.api.testng.CucumberFeatureWrapper)[pri:0, instance:com.amazon.runner.Runner@757277dc]" name="feature" duration-ms="43962" started-at="2021-10-17T01:46:00Z" description="Runs Cucumber Feature" data-provider="features" finished-at="2021-10-17T01:46:44Z">
          <params>
            <param index="0">
              <value>
                <![CDATA[User can search the properties, select the property, buy the property,]]>
              </value>
            </param>
          </params>
          <reporter-output>
          </reporter-output>
        </test-method> <!-- feature -->
        <test-method status="PASS" signature="tearDownClass()[pri:0, instance:com.amazon.runner.Runner@757277dc]" name="tearDownClass" is-config="true" duration-ms="14" started-at="2021-10-17T01:46:44Z" finished-at="2021-10-17T01:46:44Z">
          <reporter-output>
          </reporter-output>
        </test-method> <!-- tearDownClass -->
      </class> <!-- com.amazon.runner.Runner -->
    </test> <!-- Nopackage -->
  </suite> <!-- Suite1 -->
</testng-results>
